<?xml version="1.0" encoding="UTF-8"?>
<!-- Generated by org.testng.reporters.JUnitReportReporter -->
<testsuite hostname="Ashishs-MacBook-Air.local" failures="0" tests="1" name="MyStoreTestCases.AddToCartPageTest" time="16.855" errors="0" timestamp="2025-03-17T10:36:07 IST" skipped="0">
  <testcase classname="MyStoreTestCases.AddToCartPageTest" name="AddToCartTest" time="16.855"/>
  <system-out/>
</testsuite> <!-- MyStoreTestCases.AddToCartPageTest -->
