<?xml version="1.0" encoding="UTF-8"?>
<!-- Generated by org.testng.reporters.JUnitReportReporter -->
<testsuite hostname="Ashishs-MacBook-Air.local" failures="0" tests="1" name="MyStoreTestCases.EndToEndTest" time="20.761" errors="0" timestamp="2025-03-07T22:35:48 IST" skipped="0">
  <testcase classname="MyStoreTestCases.EndToEndTest" name="endToEndTest" time="20.761"/>
  <system-out/>
</testsuite> <!-- MyStoreTestCases.EndToEndTest -->
