<?xml version="1.0" encoding="UTF-8"?>
<!-- Generated by org.testng.reporters.JUnitReportReporter -->
<testsuite hostname="Ashishs-MacBook-Air.local" failures="0" tests="1" name="MyStoreTestCases.indexPageTest" time="8.804" errors="0" timestamp="2025-03-17T10:25:30 IST" skipped="0">
  <testcase classname="MyStoreTestCases.indexPageTest" name="varifyLogo" time="8.804"/>
  <system-out/>
</testsuite> <!-- MyStoreTestCases.indexPageTest -->
